1512304998829:help
1512316586799:quit
1512316730696:help
1512316815596:quit
1512317188915:help
1512317390288:quit
1512317462716:help
1512317490359:quit
1512317541642:help
1512317563938:quit
1512317726337:help
1512317777702:quit
1512317856945:help
1512317988691:quit
1512318325727:help
1512318427388:fire
1512318435809:flame
1512318603067:quit
1512318649107:help
1512318703565:quit
1512318767060:help
1512320756035:quit
1512320815826:elp
1512320818232:help
1512320827793:wizard hira
1512322205166:quit
1512371825289:help
1512371829731:quit
1512372072729:help
1512372087837:wizard hira
1512372160902:quit
1512372186184:wizard hira
1512372226839:quit
1512372533494:wizard hira
1512372884896:quit
1512372924675:name hira
1512373094451:quit
1512373131752:name hira
1512373140322:status
1512373823899:quit
1512373980744:name hira
1512373991622:status
1512374240493:help
1512374331255:help status
1512374806847:sttaus
1512374809697:status
1512375251682:quit
1512375343264:name hira
1512375353920:quest aa
1512375369690:quest forest
1512375377544:quest cave
1512375460254:quit
1512375502840:name hira
1512375508262:quest forest
1512375511638:quest aa
1512375515451:quest cave
1512379089657:quit
1512469256885:name hira
1512469269234:help search
1512469274297:help
1512469300211:forest
1512469337067:status
1512469346111:stacktrace
1512469452259:status
1512469454358:stacktrace
1512469501681:quit
1512469535397:name hira
1512469542348:status
1512469567062:stacktrace
1512469588449:quit
1512469619206:name hira
1512469622669:status
1512469673061:quit
1512469698101:name hira
1512469701393:status
1512469736231:help
1512469747200:help quest
1512469759071:quest forest
1512469767819:stacktrace
1512469922559:quit
1512469950317:name hira
1512469958059:quest forest
1512470010021:status
1512471286561:quit
1512471314574:name hira
1512471326252:quest cave
1512471367790:fire
1512473603265:quit
1512473684492:help
1512473692134:stacktrace
1512473936634:quit
1512474041892:name hira
1512474051855:quest cave
1512474166041:quit
1512474206209:name hira
1512474234201:quest cave
1512474294420:fire
1512474312968:quest forest
1512474541063:quit
1512474748563:name hira
1512474768500:quest cave
1512475035340:quit
1512475063549:name hira
1512475069125:quest cave
1512475112239:quw
1512475298991:name hira
1512475308111:quest forest
1512475343689:quit
1512475379220:name hira
1512475388525:quest forest
1512475499467:quit
1512475532615:name hira
1512475538852:quest cave
1512475546619:fire
1512475567585:quest forest
1512476012495:quit
1512476042832:name hira
1512476064076:quest cave
1512476081253:frame
1512476089316:help
1512476098387:fire
1512476111337:quest forest
1512476119705:fire
1512476122301:quest forest
1512476131112:fire
1512476133880:quest forest
1512476158771:fire
1512476294634:quit
1512476337075:create hira
1512476381397:quest cave
1512476484460:create hira
1512476489113:quest cave
1512476588640:status
1512476594129:analyze
1512476601527:fire
1512476606001:status
1512476642996:quest cave
1512476660436:analyze
1512476665244:fire
1512476668894:status
1512476674371:analyze
1512476863093:quit
1512476897327:create hira
1512476903208:quest forest
1512476916112:analyze
1512476924967:fire
1512476930777:status
1512478982831:quit
1512480194990:create harc
1512555992652:help
1512560450985:quit
1512560621633:help
1512560654790:born
1512560684517:born mick
1512560701777:quest cave
1512560763294:exit
1512560792880:born mick
1512560803870:status
1512560832853:quest cave
1512560876560:fire
1512560894519:analyze
1512560902036:status
1512560935873:flame
1512560946413:fire
1512560966680:status
1512560995010:quest forest
1512561015156:fire
1512561025800:status
1512561032559:quest forest
1512561060678:fire
1512561069783:status
1512561164784:quit
1512561194249:born mick
1512561199330:quest cave
1512561225955:fire
1512561232364:status
1512561236047:quest cave
1512561264455:fire
1512561275091:status
1512561302013:quest cave
1512561320049:analyze
1512561323768:flame
1512561328272:analyze
1512561333207:flame
1512561358526:status
1512561369141:quest cave
1512561382451:flame
1512561386914:status
1512561392780:quest cave
